Count: 1
O(nW): 3323
Running time: 35.946 ms
O(n^2 * v(aMax)): 3323
Running time: 90.395 ms
Greedy: 3362
Running time: 2.689 ms
FPTAS: 3120
Running time: 10.011 ms
Count: 2
O(nW): 43955
Running time: 70.253 ms
O(n^2 * v(aMax)): 43977
Running time: 791.749 ms
Greedy: 44169
Running time: 1.227 ms
FPTAS: 43206
Running time: 133.081 ms
Count: 3
O(nW): 7738
Running time: 28.843 ms
O(n^2 * v(aMax)): 7662
Running time: 99.25 ms
Greedy: 7738
Running time: 1.195 ms
FPTAS: 7511
Running time: 59.071 ms
Count: 4
O(nW): 62487
Running time: 76.583 ms
O(n^2 * v(aMax)): 62398
Running time: 1561.111 ms
Greedy: 62818
Running time: 2.718 ms
FPTAS: 62094
Running time: 580.898 ms
Count: 5
O(nW): 5426
Running time: 76.973 ms
O(n^2 * v(aMax)): 5401
Running time: 93.126 ms
Greedy: 5445
Running time: 1.971 ms
FPTAS: 5358
Running time: 274.792 ms
Count: 6
O(nW): 11221
Running time: 0.79 ms
O(n^2 * v(aMax)): 11221
Running time: 87.052 ms
Greedy: 11221
Running time: 1.031 ms
FPTAS: 11243
Running time: 7.512 ms
Count: 7
O(nW): 6849
Running time: 52.987 ms
O(n^2 * v(aMax)): 6850
Running time: 86.687 ms
Greedy: 6934
Running time: 1.082 ms
FPTAS: 6730
Running time: 69.312 ms
Count: 8
O(nW): 4505
Running time: 1.008 ms
O(n^2 * v(aMax)): 4505
Running time: 25.588 ms
Greedy: 4645
Running time: 1.093 ms
FPTAS: 4483
Running time: 81.577 ms
Count: 9
O(nW): 34221
Running time: 273.188 ms
O(n^2 * v(aMax)): 34221
Running time: 662.157 ms
Greedy: 34319
Running time: 1.523 ms
FPTAS: 33919
Running time: 186.034 ms
Count: 10
O(nW): 6243
Running time: 3.062 ms
O(n^2 * v(aMax)): 6128
Running time: 13.945 ms
Greedy: 6479
Running time: 0.388 ms
FPTAS: 6087
Running time: 1.912 ms
Count: 11
O(nW): 1441
Running time: 0.082 ms
O(n^2 * v(aMax)): 1441
Running time: 20.941 ms
Greedy: 1441
Running time: 0.406 ms
FPTAS: 1016
Running time: 2.834 ms
Count: 12
O(nW): 957
Running time: 0.09 ms
O(n^2 * v(aMax)): 957
Running time: 241.364 ms
Greedy: 957
Running time: 2.922 ms
FPTAS: 946
Running time: 496.743 ms
Count: 13
O(nW): 41992
Running time: 88.507 ms
O(n^2 * v(aMax)): 42036
Running time: 585.088 ms
Greedy: 42101
Running time: 2.524 ms
FPTAS: 41533
Running time: 331.577 ms
Count: 14
O(nW): 29926
Running time: 4.015 ms
O(n^2 * v(aMax)): 30032
Running time: 285.313 ms
Greedy: 30142
Running time: 1.531 ms
FPTAS: 29937
Running time: 77.502 ms
Count: 15
O(nW): 1967
Running time: 5.205 ms
O(n^2 * v(aMax)): 1967
Running time: 82.178 ms
Greedy: 1966
Running time: 1.681 ms
FPTAS: 1926
Running time: 239.651 ms
Count: 16
O(nW): 5897
Running time: 10.512 ms
O(n^2 * v(aMax)): 5897
Running time: 55.776 ms
Greedy: 5897
Running time: 0.479 ms
FPTAS: 5613
Running time: 19.172 ms
Count: 17
O(nW): 19719
Running time: 38.871 ms
O(n^2 * v(aMax)): 19719
Running time: 119.837 ms
Greedy: 19770
Running time: 0.473 ms
FPTAS: 19270
Running time: 15.688 ms
Count: 18
O(nW): 7291
Running time: 26.611 ms
O(n^2 * v(aMax)): 7311
Running time: 62.876 ms
Greedy: 7291
Running time: 0.706 ms
FPTAS: 7139
Running time: 54.536 ms
Count: 19
O(nW): 5567
Running time: 5.164 ms
O(n^2 * v(aMax)): 5536
Running time: 43.007 ms
Greedy: 5567
Running time: 0.397 ms
FPTAS: 5377
Running time: 20.318 ms
Count: 20
O(nW): 15786
Running time: 15.366 ms
O(n^2 * v(aMax)): 15930
Running time: 443.887 ms
Greedy: 15758
Running time: 1.122 ms
FPTAS: 15622
Running time: 192.236 ms
Count: 21
O(nW): 5644
Running time: 1.614 ms
O(n^2 * v(aMax)): 5370
Running time: 179.487 ms
Greedy: 5412
Running time: 0.26 ms
FPTAS: 4752
Running time: 24.039 ms
Count: 22
O(nW): 2514
Running time: 1.045 ms
O(n^2 * v(aMax)): 2588
Running time: 22.87 ms
Greedy: 2587
Running time: 0.292 ms
FPTAS: 2366
Running time: 7.567 ms
Count: 23
O(nW): 30633
Running time: 22.16 ms
O(n^2 * v(aMax)): 31239
Running time: 1615.929 ms
Greedy: 31231
Running time: 0.51 ms
FPTAS: 30790
Running time: 662.487 ms
Count: 24
O(nW): 32043
Running time: 8.048 ms
O(n^2 * v(aMax)): 31556
Running time: 734.432 ms
Greedy: 31986
Running time: 0.499 ms
FPTAS: 31467
Running time: 451.483 ms
Count: 25
O(nW): 1384
Running time: 0.105 ms
O(n^2 * v(aMax)): 1183
Running time: 2.867 ms
Greedy: 1352
Running time: 0.186 ms
FPTAS: 1310
Running time: 0.422 ms
Count: 26
O(nW): 5215
Running time: 4.448 ms
O(n^2 * v(aMax)): 5215
Running time: 28.784 ms
Greedy: 5348
Running time: 0.314 ms
FPTAS: 5185
Running time: 20.83 ms
Count: 27
O(nW): 1824
Running time: 85.489 ms
O(n^2 * v(aMax)): 1827
Running time: 11.69 ms
Greedy: 1825
Running time: 0.637 ms
FPTAS: 1806
Running time: 82.516 ms
Count: 28
O(nW): 1223
Running time: 0.175 ms
O(n^2 * v(aMax)): 1223
Running time: 6.969 ms
Greedy: 1161
Running time: 0.134 ms
FPTAS: 1047
Running time: 1.17 ms
Count: 29
O(nW): 63277
Running time: 154.326 ms
O(n^2 * v(aMax)): 63224
Running time: 1305.021 ms
Greedy: 63552
Running time: 0.541 ms
FPTAS: 62989
Running time: 621.526 ms
Count: 30
O(nW): 6064
Running time: 4.235 ms
O(n^2 * v(aMax)): 6064
Running time: 14.28 ms
Greedy: 6410
Running time: 0.209 ms
FPTAS: 5952
Running time: 2.115 ms
Count: 31
O(nW): 0
Running time: 0.068 ms
O(n^2 * v(aMax)): NA
Running time: NA
Greedy: 0
Running time: 0.077 ms
FPTAS: NA
Running time: NA
Count: 32
O(nW): 54757
Running time: 123.523 ms
O(n^2 * v(aMax)): 54710
Running time: 873.333 ms
Greedy: 55371
Running time: 0.814 ms
FPTAS: 54928
Running time: 293.64 ms
Count: 33
O(nW): 44507
Running time: 363.579 ms
O(n^2 * v(aMax)): 44496
Running time: 712.289 ms
Greedy: 44908
Running time: 0.52 ms
FPTAS: 44555
Running time: 638.211 ms
Count: 34
O(nW): 2229
Running time: 0.488 ms
O(n^2 * v(aMax)): 2102
Running time: 33.304 ms
Greedy: 2140
Running time: 0.186 ms
FPTAS: 1841
Running time: 7.129 ms
Count: 35
O(nW): 4803
Running time: 0.447 ms
O(n^2 * v(aMax)): 4584
Running time: 31.605 ms
Greedy: 4803
Running time: 0.143 ms
FPTAS: 4447
Running time: 10.494 ms
Count: 36
O(nW): 54945
Running time: 73.196 ms
O(n^2 * v(aMax)): 54517
Running time: 839.626 ms
Greedy: 54901
Running time: 0.529 ms
FPTAS: 53901
Running time: 239.213 ms
Count: 37
O(nW): 15489
Running time: 1.816 ms
O(n^2 * v(aMax)): 15428
Running time: 96.779 ms
Greedy: 15846
Running time: 0.226 ms
FPTAS: 15261
Running time: 11.844 ms
Count: 38
O(nW): 48727
Running time: 292.711 ms
O(n^2 * v(aMax)): 48727
Running time: 968.669 ms
Greedy: 49052
Running time: 0.585 ms
FPTAS: 48789
Running time: 685.639 ms
Count: 39
O(nW): 271
Running time: 0.062 ms
O(n^2 * v(aMax)): 0
Running time: 24.872 ms
Greedy: 271
Running time: 0.133 ms
FPTAS: 357
Running time: 2.697 ms
Count: 40
O(nW): 10026
Running time: 25.366 ms
O(n^2 * v(aMax)): 10029
Running time: 67.427 ms
Greedy: 10163
Running time: 0.789 ms
FPTAS: 9834
Running time: 27.895 ms
Count: 41
O(nW): 10138
Running time: 5.396 ms
O(n^2 * v(aMax)): 10042
Running time: 64.922 ms
Greedy: 10219
Running time: 0.249 ms
FPTAS: 9636
Running time: 13.674 ms
Count: 42
O(nW): 24980
Running time: 48.331 ms
O(n^2 * v(aMax)): 24856
Running time: 268.404 ms
Greedy: 24955
Running time: 0.354 ms
FPTAS: 24739
Running time: 94.66 ms
Count: 43
O(nW): 5187
Running time: 1.126 ms
O(n^2 * v(aMax)): 4984
Running time: 18.438 ms
Greedy: 5207
Running time: 0.195 ms
FPTAS: 4943
Running time: 1.748 ms
Count: 44
O(nW): 43903
Running time: 2.718 ms
O(n^2 * v(aMax)): 43596
Running time: 1413.845 ms
Greedy: 43893
Running time: 0.882 ms
FPTAS: 43221
Running time: 548.929 ms
Count: 45
O(nW): 21540
Running time: 0.313 ms
O(n^2 * v(aMax)): 21788
Running time: 177.665 ms
Greedy: 21518
Running time: 1.415 ms
FPTAS: 20952
Running time: 49.004 ms
Count: 46
O(nW): 39261
Running time: 68.171 ms
O(n^2 * v(aMax)): 39272
Running time: 621.213 ms
Greedy: 39345
Running time: 0.474 ms
FPTAS: 39028
Running time: 532.928 ms
Count: 47
O(nW): 9369
Running time: 109.008 ms
O(n^2 * v(aMax)): 9369
Running time: 176.876 ms
Greedy: 9428
Running time: 0.417 ms
FPTAS: 9329
Running time: 605.097 ms
Count: 48
O(nW): 9340
Running time: 1.952 ms
O(n^2 * v(aMax)): 9137
Running time: 86.672 ms
Greedy: 9340
Running time: 0.194 ms
FPTAS: 8432
Running time: 7.877 ms
Count: 49
O(nW): 76409
Running time: 395.499 ms
O(n^2 * v(aMax)): 76428
Running time: 1993.667 ms
Greedy: 76628
Running time: 0.394 ms
FPTAS: 75853
Running time: 700.319 ms
Count: 50
O(nW): 0
Running time: 0.044 ms
O(n^2 * v(aMax)): NA
Running time: NA
Greedy: 0
Running time: 0.06 ms
FPTAS: NA
Running time: NA
Count: 51
O(nW): 34666
Running time: 52.995 ms
O(n^2 * v(aMax)): 34666
Running time: 599.204 ms
Greedy: 34834
Running time: 0.492 ms
FPTAS: 34481
Running time: 377.71 ms
Count: 52
O(nW): 35630
Running time: 48.679 ms
O(n^2 * v(aMax)): 35102
Running time: 675.661 ms
Greedy: 35472
Running time: 0.267 ms
FPTAS: 34834
Running time: 179.628 ms
Count: 53
O(nW): 26981
Running time: 5.297 ms
O(n^2 * v(aMax)): 26888
Running time: 214.471 ms
Greedy: 26973
Running time: 0.303 ms
FPTAS: 26330
Running time: 59.742 ms
Count: 54
O(nW): 49336
Running time: 153.282 ms
O(n^2 * v(aMax)): 48985
Running time: 1082.074 ms
Greedy: 49278
Running time: 0.738 ms
FPTAS: 48754
Running time: 597.62 ms
Count: 55
O(nW): 6760
Running time: 0.906 ms
O(n^2 * v(aMax)): 6588
Running time: 74.753 ms
Greedy: 6668
Running time: 0.498 ms
FPTAS: 6614
Running time: 14.575 ms
Count: 56
O(nW): 11514
Running time: 9.641 ms
O(n^2 * v(aMax)): 11478
Running time: 85.079 ms
Greedy: 11467
Running time: 0.203 ms
FPTAS: 11092
Running time: 14.507 ms
Count: 57
O(nW): 11899
Running time: 2.521 ms
O(n^2 * v(aMax)): 11761
Running time: 87.841 ms
Greedy: 11792
Running time: 0.093 ms
FPTAS: 11330
Running time: 6.15 ms
Count: 58
O(nW): 5473
Running time: 10.9 ms
O(n^2 * v(aMax)): 5382
Running time: 84.136 ms
Greedy: 5442
Running time: 0.156 ms
FPTAS: 5317
Running time: 81.904 ms
Count: 59
O(nW): 16288
Running time: 4.191 ms
O(n^2 * v(aMax)): 16126
Running time: 629.254 ms
Greedy: 16288
Running time: 0.323 ms
FPTAS: 15984
Running time: 243.432 ms
Count: 60
O(nW): 10650
Running time: 24.013 ms
O(n^2 * v(aMax)): 10727
Running time: 129.334 ms
Greedy: 10895
Running time: 0.192 ms
FPTAS: 10601
Running time: 74.072 ms
Count: 61
O(nW): 2128
Running time: 1.699 ms
O(n^2 * v(aMax)): 2082
Running time: 15.444 ms
Greedy: 2128
Running time: 0.2 ms
FPTAS: 2077
Running time: 7.928 ms
Count: 62
O(nW): 12821
Running time: 54.883 ms
O(n^2 * v(aMax)): 12813
Running time: 108.211 ms
Greedy: 12980
Running time: 0.223 ms
FPTAS: 12717
Running time: 78.649 ms
Count: 63
O(nW): 7622
Running time: 73.887 ms
O(n^2 * v(aMax)): 7594
Running time: 164.796 ms
Greedy: 7616
Running time: 0.413 ms
FPTAS: 7559
Running time: 386.317 ms
Count: 64
O(nW): 17802
Running time: 67.318 ms
O(n^2 * v(aMax)): 17871
Running time: 312.344 ms
Greedy: 17945
Running time: 0.267 ms
FPTAS: 17710
Running time: 310.83 ms
Count: 65
O(nW): 50019
Running time: 47.902 ms
O(n^2 * v(aMax)): 49372
Running time: 1036.759 ms
Greedy: 49982
Running time: 0.383 ms
FPTAS: 49260
Running time: 473.346 ms
Count: 66
O(nW): 1500
Running time: 3.334 ms
O(n^2 * v(aMax)): 1470
Running time: 9.12 ms
Greedy: 1518
Running time: 0.179 ms
FPTAS: 1486
Running time: 7.994 ms
Count: 67
O(nW): 10981
Running time: 6.827 ms
O(n^2 * v(aMax)): 10461
Running time: 49.267 ms
Greedy: 10981
Running time: 0.179 ms
FPTAS: 10358
Running time: 4.42 ms
Count: 68
O(nW): 60840
Running time: 58.363 ms
O(n^2 * v(aMax)): 60563
Running time: 1057.832 ms
Greedy: 60958
Running time: 0.877 ms
FPTAS: 60227
Running time: 443.975 ms
Count: 69
O(nW): 1178
Running time: 2.592 ms
O(n^2 * v(aMax)): 1145
Running time: 4.461 ms
Greedy: 1188
Running time: 0.106 ms
FPTAS: 1096
Running time: 2.954 ms
Count: 70
O(nW): 2198
Running time: 5.235 ms
O(n^2 * v(aMax)): 2184
Running time: 15.894 ms
Greedy: 2189
Running time: 0.125 ms
FPTAS: 2076
Running time: 20.723 ms
Count: 71
O(nW): 21941
Running time: 16.704 ms
O(n^2 * v(aMax)): 21933
Running time: 195.046 ms
Greedy: 22334
Running time: 0.148 ms
FPTAS: 21548
Running time: 27.741 ms
Count: 72
O(nW): 38697
Running time: 5.366 ms
O(n^2 * v(aMax)): 38365
Running time: 1087.805 ms
Greedy: 38936
Running time: 0.304 ms
FPTAS: 38309
Running time: 331.293 ms
Count: 73
O(nW): 9640
Running time: 11.745 ms
O(n^2 * v(aMax)): 9628
Running time: 89.498 ms
Greedy: 9721
Running time: 0.25 ms
FPTAS: 9456
Running time: 62.508 ms
Count: 74
O(nW): 37852
Running time: 21.89 ms
O(n^2 * v(aMax)): 37945
Running time: 319.51 ms
Greedy: 38109
Running time: 0.337 ms
FPTAS: 37533
Running time: 88.744 ms
Count: 75
O(nW): 346
Running time: 0.067 ms
O(n^2 * v(aMax)): 346
Running time: 0.054 ms
Greedy: 346
Running time: 0.055 ms
FPTAS: 0
Running time: 0.046 ms
Count: 76
O(nW): 2274
Running time: 58.925 ms
O(n^2 * v(aMax)): 2272
Running time: 27.38 ms
Greedy: 2290
Running time: 0.289 ms
FPTAS: 2254
Running time: 167.563 ms
Count: 77
O(nW): 5600
Running time: 0.704 ms
O(n^2 * v(aMax)): 5600
Running time: 5.465 ms
Greedy: 5600
Running time: 0.101 ms
FPTAS: 4775
Running time: 0.339 ms
Count: 78
O(nW): 72
Running time: 0.131 ms
O(n^2 * v(aMax)): 45
Running time: 0.109 ms
Greedy: 83
Running time: 0.098 ms
FPTAS: 96
Running time: 0.091 ms
Count: 79
O(nW): 5026
Running time: 3.899 ms
O(n^2 * v(aMax)): 4983
Running time: 84.952 ms
Greedy: 5004
Running time: 0.34 ms
FPTAS: 4831
Running time: 74.458 ms
Count: 80
O(nW): 80483
Running time: 197.508 ms
O(n^2 * v(aMax)): 80517
Running time: 1608.917 ms
Greedy: 81269
Running time: 0.408 ms
FPTAS: 80214
Running time: 681.365 ms
Count: 81
O(nW): 46284
Running time: 110.63 ms
O(n^2 * v(aMax)): 46145
Running time: 855.839 ms
Greedy: 46331
Running time: 0.914 ms
FPTAS: 45640
Running time: 343.64 ms
Count: 82
O(nW): 6950
Running time: 2.905 ms
O(n^2 * v(aMax)): 6635
Running time: 24.466 ms
Greedy: 7281
Running time: 0.158 ms
FPTAS: 6625
Running time: 1.195 ms
Count: 83
O(nW): 18281
Running time: 138.149 ms
O(n^2 * v(aMax)): 18156
Running time: 372.842 ms
Greedy: 18281
Running time: 0.486 ms
FPTAS: 18030
Running time: 300.428 ms
Count: 84
O(nW): 234
Running time: 0.804 ms
O(n^2 * v(aMax)): 234
Running time: 12.441 ms
Greedy: 234
Running time: 0.152 ms
FPTAS: 205
Running time: 70.889 ms
Count: 85
O(nW): 81359
Running time: 307.718 ms
O(n^2 * v(aMax)): 81345
Running time: 1536.531 ms
Greedy: 81426
Running time: 0.276 ms
FPTAS: 80326
Running time: 481.591 ms
Count: 86
O(nW): 6048
Running time: 30.587 ms
O(n^2 * v(aMax)): 6073
Running time: 216.288 ms
Greedy: 6060
Running time: 0.331 ms
FPTAS: 5984
Running time: 546.224 ms
Count: 87
O(nW): 16636
Running time: 5.087 ms
O(n^2 * v(aMax)): 16747
Running time: 535.996 ms
Greedy: 16832
Running time: 0.186 ms
FPTAS: 16490
Running time: 186.072 ms
Count: 88
O(nW): 15600
Running time: 7.026 ms
O(n^2 * v(aMax)): 15043
Running time: 479.212 ms
Greedy: 15600
Running time: 0.253 ms
FPTAS: 14824
Running time: 136.978 ms
Count: 89
O(nW): 3446
Running time: 0.248 ms
O(n^2 * v(aMax)): 3350
Running time: 233.862 ms
Greedy: 3446
Running time: 0.278 ms
FPTAS: 3253
Running time: 276.465 ms
Count: 90
O(nW): 11296
Running time: 0.436 ms
O(n^2 * v(aMax)): 11111
Running time: 183.55 ms
Greedy: 11255
Running time: 0.179 ms
FPTAS: 10888
Running time: 82.387 ms
Count: 91
O(nW): 16324
Running time: 3.493 ms
O(n^2 * v(aMax)): 16337
Running time: 135.198 ms
Greedy: 16566
Running time: 0.158 ms
FPTAS: 16251
Running time: 59.472 ms
Count: 92
O(nW): 23659
Running time: 9.231 ms
O(n^2 * v(aMax)): 23525
Running time: 228.275 ms
Greedy: 23973
Running time: 1.535 ms
FPTAS: 23423
Running time: 42.366 ms
Count: 93
O(nW): 10738
Running time: 11.983 ms
O(n^2 * v(aMax)): 10832
Running time: 77.959 ms
Greedy: 10978
Running time: 0.215 ms
FPTAS: 10701
Running time: 22.377 ms
Count: 94
O(nW): 1542
Running time: 0.112 ms
O(n^2 * v(aMax)): 1542
Running time: 0.842 ms
Greedy: 2263
Running time: 0.171 ms
FPTAS: 1502
Running time: 0.106 ms
Count: 95
O(nW): 5979
Running time: 0.081 ms
O(n^2 * v(aMax)): 5979
Running time: 1030.192 ms
Greedy: 5979
Running time: 0.318 ms
FPTAS: 5494
Running time: 341.053 ms
Count: 96
O(nW): 2292
Running time: 2.513 ms
O(n^2 * v(aMax)): 2267
Running time: 13.231 ms
Greedy: 2312
Running time: 0.215 ms
FPTAS: 2221
Running time: 9.163 ms
Count: 97
O(nW): 38985
Running time: 203.119 ms
O(n^2 * v(aMax)): 39087
Running time: 724.654 ms
Greedy: 39243
Running time: 0.262 ms
FPTAS: 38986
Running time: 506.703 ms
Count: 98
O(nW): 57805
Running time: 19.624 ms
O(n^2 * v(aMax)): 57746
Running time: 921.19 ms
Greedy: 57858
Running time: 0.288 ms
FPTAS: 57111
Running time: 366.861 ms
Count: 99
O(nW): 9065
Running time: 1.103 ms
O(n^2 * v(aMax)): 9065
Running time: 40.147 ms
Greedy: 9010
Running time: 0.184 ms
FPTAS: 8542
Running time: 2.467 ms
Count: 100
O(nW): 3796
Running time: 3.953 ms
O(n^2 * v(aMax)): 3811
Running time: 35.765 ms
Greedy: 3872
Running time: 0.872 ms
FPTAS: 3764
Running time: 19.563 ms
